0 info it worked if it ends with ok
1 verbose cli [ '/usr/local/bin/node',
1 verbose cli   '/usr/local/bin/npm',
1 verbose cli   'install',
1 verbose cli   '-g',
1 verbose cli   'nodemon' ]
2 info using npm@2.14.4
3 info using node@v4.1.1
4 verbose install initial load of /usr/local/lib/package.json
5 verbose readDependencies loading dependencies from /usr/local/lib/package.json
6 silly cache add args [ 'nodemon', null ]
7 verbose cache add spec nodemon
8 silly cache add parsed spec Result {
8 silly cache add   raw: 'nodemon',
8 silly cache add   scope: null,
8 silly cache add   name: 'nodemon',
8 silly cache add   rawSpec: '',
8 silly cache add   spec: '*',
8 silly cache add   type: 'range' }
9 silly addNamed nodemon@*
10 verbose addNamed "*" is a valid semver range for nodemon
11 silly addNameRange { name: 'nodemon', range: '*', hasData: false }
12 silly mapToRegistry name nodemon
13 silly mapToRegistry using default registry
14 silly mapToRegistry registry https://registry.npmjs.org/
15 silly mapToRegistry uri https://registry.npmjs.org/nodemon
16 verbose addNameRange registry:https://registry.npmjs.org/nodemon not in flight; fetching
17 verbose request uri https://registry.npmjs.org/nodemon
18 verbose request no auth needed
19 info attempt registry request try #1 at 6:17:32 PM
20 verbose request id b186d729a646835e
21 verbose etag "BQOK5XKL2XVJ1G33CPOUEQR2U"
22 http request GET https://registry.npmjs.org/nodemon
23 http 304 https://registry.npmjs.org/nodemon
24 silly get cb [ 304,
24 silly get   { date: 'Thu, 15 Oct 2015 01:17:32 GMT',
24 silly get     via: '1.1 varnish',
24 silly get     'cache-control': 'max-age=60',
24 silly get     etag: '"BQOK5XKL2XVJ1G33CPOUEQR2U"',
24 silly get     age: '0',
24 silly get     connection: 'keep-alive',
24 silly get     'x-served-by': 'cache-ord1720-ORD',
24 silly get     'x-cache': 'HIT',
24 silly get     'x-cache-hits': '1',
24 silly get     'x-timer': 'S1444871852.841271,VS0,VE40',
24 silly get     vary: 'Accept' } ]
25 verbose etag https://registry.npmjs.org/nodemon from cache
26 verbose get saving nodemon to /Users/Will/.npm/registry.npmjs.org/nodemon/.cache.json
27 silly addNameRange number 2 { name: 'nodemon', range: '*', hasData: true }
28 silly addNameRange versions [ 'nodemon',
28 silly addNameRange   [ '0.1.4',
28 silly addNameRange     '0.1.5',
28 silly addNameRange     '0.1.6',
28 silly addNameRange     '0.1.7',
28 silly addNameRange     '0.1.8',
28 silly addNameRange     '0.2.0',
28 silly addNameRange     '0.2.1',
28 silly addNameRange     '0.2.2',
28 silly addNameRange     '0.3.0',
28 silly addNameRange     '0.3.1',
28 silly addNameRange     '0.3.2',
28 silly addNameRange     '0.4.0',
28 silly addNameRange     '0.4.1',
28 silly addNameRange     '0.5.0',
28 silly addNameRange     '0.5.1',
28 silly addNameRange     '0.5.2',
28 silly addNameRange     '0.5.3',
28 silly addNameRange     '0.5.4',
28 silly addNameRange     '0.5.5',
28 silly addNameRange     '0.5.6',
28 silly addNameRange     '0.5.7',
28 silly addNameRange     '0.6.0',
28 silly addNameRange     '0.6.1',
28 silly addNameRange     '0.6.2',
28 silly addNameRange     '0.6.3',
28 silly addNameRange     '0.6.4',
28 silly addNameRange     '0.6.5',
28 silly addNameRange     '0.6.6',
28 silly addNameRange     '0.6.7',
28 silly addNameRange     '0.6.8',
28 silly addNameRange     '0.6.9',
28 silly addNameRange     '0.6.10',
28 silly addNameRange     '0.6.11',
28 silly addNameRange     '0.6.12',
28 silly addNameRange     '0.6.13',
28 silly addNameRange     '0.6.14',
28 silly addNameRange     '0.6.15',
28 silly addNameRange     '0.6.16',
28 silly addNameRange     '0.6.17',
28 silly addNameRange     '0.6.18',
28 silly addNameRange     '0.6.19',
28 silly addNameRange     '0.6.20',
28 silly addNameRange     '0.6.21',
28 silly addNameRange     '0.6.22',
28 silly addNameRange     '0.6.23',
28 silly addNameRange     '0.7.0',
28 silly addNameRange     '0.7.1',
28 silly addNameRange     '0.7.2',
28 silly addNameRange     '0.7.3',
28 silly addNameRange     '0.7.4',
28 silly addNameRange     '0.7.5',
28 silly addNameRange     '0.7.6',
28 silly addNameRange     '0.7.7',
28 silly addNameRange     '0.7.8',
28 silly addNameRange     '0.7.10',
28 silly addNameRange     '0.9.0',
28 silly addNameRange     '0.9.1',
28 silly addNameRange     '0.9.2',
28 silly addNameRange     '0.9.3',
28 silly addNameRange     '0.9.5',
28 silly addNameRange     '0.9.6',
28 silly addNameRange     '0.9.7',
28 silly addNameRange     '0.9.10',
28 silly addNameRange     '0.9.11',
28 silly addNameRange     '0.9.12',
28 silly addNameRange     '0.9.14',
28 silly addNameRange     '0.9.16',
28 silly addNameRange     '0.9.17',
28 silly addNameRange     '1.0.0',
28 silly addNameRange     '1.0.1',
28 silly addNameRange     '1.0.2',
28 silly addNameRange     '1.0.2-rc',
28 silly addNameRange     '0.6.10-a',
28 silly addNameRange     '1.0.2-rc3',
28 silly addNameRange     '1.0.2-rc4',
28 silly addNameRange     '1.0.3',
28 silly addNameRange     '1.0.4',
28 silly addNameRange     '1.0.5',
28 silly addNameRange     '1.0.6',
28 silly addNameRange     '1.0.7',
28 silly addNameRange     '1.0.8',
28 silly addNameRange     '1.0.9',
28 silly addNameRange     '1.0.10',
28 silly addNameRange     '1.0.11',
28 silly addNameRange     '1.0.12',
28 silly addNameRange     '1.0.13',
28 silly addNameRange     '1.0.14',
28 silly addNameRange     '1.0.15',
28 silly addNameRange     '1.0.16',
28 silly addNameRange     '1.0.17-rc1',
28 silly addNameRange     '1.0.17-rc2',
28 silly addNameRange     '1.0.17',
28 silly addNameRange     '1.0.18',
28 silly addNameRange     '1.0.19',
28 silly addNameRange     '1.0.20',
28 silly addNameRange     '1.1.0-alpha',
28 silly addNameRange     '1.1.0',
28 silly addNameRange     '1.1.1',
28 silly addNameRange     '1.2.0',
28 silly addNameRange     '1.2.1',
28 silly addNameRange     '1.3.0-0',
28 silly addNameRange     '1.3.0-1',
28 silly addNameRange     '1.3.0-2',
28 silly addNameRange     '1.3.0-3',
28 silly addNameRange     '1.3.0-4',
28 silly addNameRange     '1.3.0-5',
28 silly addNameRange     '1.3.0-6',
28 silly addNameRange     '1.3.0-7',
28 silly addNameRange     '1.3.0',
28 silly addNameRange     '1.3.1',
28 silly addNameRange     '1.3.2',
28 silly addNameRange     '1.3.3',
28 silly addNameRange     '1.3.5',
28 silly addNameRange     '1.3.6',
28 silly addNameRange     '1.3.7',
28 silly addNameRange     '1.3.8',
28 silly addNameRange     '1.4.0',
28 silly addNameRange     '1.4.1',
28 silly addNameRange     '1.5.0-alpha1',
28 silly addNameRange     '1.5.0-alpha2',
28 silly addNameRange     '1.5.0-alpha3',
28 silly addNameRange     '1.5.0-alpha4',
28 silly addNameRange     '1.4.2',
28 silly addNameRange     '1.5.0',
28 silly addNameRange     '1.5.1',
28 silly addNameRange     '1.6.0',
28 silly addNameRange     '1.6.1',
28 silly addNameRange     '1.7.0',
28 silly addNameRange     '1.7.1' ] ]
29 silly addNamed nodemon@1.7.1
30 verbose addNamed "1.7.1" is a plain semver version for nodemon
31 silly cache afterAdd nodemon@1.7.1
32 verbose afterAdd /Users/Will/.npm/nodemon/1.7.1/package/package.json not in flight; writing
33 verbose afterAdd /Users/Will/.npm/nodemon/1.7.1/package/package.json written
34 silly install resolved [ { name: 'nodemon',
34 silly install resolved     homepage: 'http://nodemon.io',
34 silly install resolved     author: { name: 'Remy Sharp', url: 'http://github.com/remy' },
34 silly install resolved     bin: { nodemon: './bin/nodemon.js' },
34 silly install resolved     engines: { node: '>=0.8' },
34 silly install resolved     repository: { type: 'git', url: 'git+https://github.com/remy/nodemon.git' },
34 silly install resolved     description: 'Simple monitor script for use during development of a node.js app.',
34 silly install resolved     keywords:
34 silly install resolved      [ 'monitor',
34 silly install resolved        'development',
34 silly install resolved        'restart',
34 silly install resolved        'autoload',
34 silly install resolved        'reload',
34 silly install resolved        'terminal' ],
34 silly install resolved     preferGlobal: 'true',
34 silly install resolved     license: 'MIT',
34 silly install resolved     main: './lib/nodemon',
34 silly install resolved     scripts:
34 silly install resolved      { coverage: 'istanbul cover _mocha -- --timeout 30000 --ui bdd --reporter list test/**/*.test.js',
34 silly install resolved        lint: 'jscs lib/**/*.js -v',
34 silly install resolved        ':spec': 'mocha --timeout 30000 --ui bdd test/**/*.test.js',
34 silly install resolved        test: 'npm run lint && npm run spec',
34 silly install resolved        spec: 'for FILE in test/**/*.test.js; do echo $FILE; ./node_modules/.bin/mocha --timeout 30000 $FILE; if [ $? -ne 0 ]; then exit 1; fi; sleep 1; done',
34 silly install resolved        web: 'node web',
34 silly install resolved        'semantic-release': 'semantic-release pre && npm publish && semantic-release post' },
34 silly install resolved     devDependencies:
34 silly install resolved      { async: '1.4.2',
34 silly install resolved        'coffee-script': '~1.7.1',
34 silly install resolved        connect: '~2.19.1',
34 silly install resolved        istanbul: '~0.2.10',
34 silly install resolved        jscs: '2.1.1',
34 silly install resolved        mocha: '2.3.3',
34 silly install resolved        should: '~4.0.0',
34 silly install resolved        'semantic-release': '4.3.5' },
34 silly install resolved     dependencies:
34 silly install resolved      { chokidar: '1.1.0',
34 silly install resolved        debug: '2.2.0',
34 silly install resolved        'es6-promise': '3.0.2',
34 silly install resolved        'lodash.defaults': '3.1.2',
34 silly install resolved        minimatch: '~0.3.0',
34 silly install resolved        'ps-tree': '~0.0.3',
34 silly install resolved        touch: '1.0.0',
34 silly install resolved        undefsafe: '0.0.3',
34 silly install resolved        'update-notifier': '0.5.0' },
34 silly install resolved     version: '1.7.1',
34 silly install resolved     gitHead: 'c606ad507d76cc4cf98f35543b5ffed74a58e371',
34 silly install resolved     bugs: { url: 'https://github.com/remy/nodemon/issues' },
34 silly install resolved     _id: 'nodemon@1.7.1',
34 silly install resolved     _shasum: '922633a03b6835c2c29013883be4c7b4fc5f24e4',
34 silly install resolved     _from: 'nodemon@*',
34 silly install resolved     _npmVersion: '2.14.6',
34 silly install resolved     _nodeVersion: '4.1.1',
34 silly install resolved     _npmUser: { name: 'remy', email: 'remy@leftlogic.com' },
34 silly install resolved     dist:
34 silly install resolved      { shasum: '922633a03b6835c2c29013883be4c7b4fc5f24e4',
34 silly install resolved        tarball: 'http://registry.npmjs.org/nodemon/-/nodemon-1.7.1.tgz' },
34 silly install resolved     maintainers: [ [Object] ],
34 silly install resolved     directories: {},
34 silly install resolved     _resolved: 'https://registry.npmjs.org/nodemon/-/nodemon-1.7.1.tgz',
34 silly install resolved     readme: 'ERROR: No README data found!' } ]
35 info install nodemon@1.7.1 into /usr/local/lib
36 info installOne nodemon@1.7.1
37 verbose installOne of nodemon to /usr/local/lib not in flight; installing
38 verbose lock using /Users/Will/.npm/_locks/nodemon-49f7ed19e778991e.lock for /usr/local/lib/node_modules/nodemon
39 silly install write writing nodemon 1.7.1 to /usr/local/lib/node_modules/nodemon
40 verbose unbuild lib/node_modules/nodemon
41 info preuninstall nodemon@1.3.7
42 info uninstall nodemon@1.3.7
43 verbose unbuild rmStuff nodemon@1.3.7 from /usr/local/lib/node_modules
44 silly gentlyRm /usr/local/bin/nodemon is being gently removed
45 silly gentlyRm verifying /usr/local is an npm working directory
46 silly gentlyRm containing path /usr/local is under npm's control, in /usr/local
47 silly gentlyRm deletion target /usr/local/bin/nodemon is under /usr/local
48 verbose gentlyRm vacuuming from /usr/local/bin/nodemon up to /usr/local
49 info postuninstall nodemon@1.3.7
50 silly gentlyRm /usr/local/lib/node_modules/nodemon is being purged from base /usr/local
51 verbose gentlyRm don't care about contents; nuking /usr/local/lib/node_modules/nodemon
52 silly vacuum-fs purging /usr/local/lib/node_modules/nodemon
53 verbose unlock done using /Users/Will/.npm/_locks/nodemon-49f7ed19e778991e.lock for /usr/local/lib/node_modules/nodemon
54 verbose stack Error: EACCES: permission denied, unlink '/usr/local/lib/node_modules/nodemon/.jshintrc'
54 verbose stack     at Error (native)
55 verbose cwd /Users/Will/startuphall/notify
56 error Darwin 14.5.0
57 error argv "/usr/local/bin/node" "/usr/local/bin/npm" "install" "-g" "nodemon"
58 error node v4.1.1
59 error npm  v2.14.4
60 error path /usr/local/lib/node_modules/nodemon/.jshintrc
61 error code EACCES
62 error errno -13
63 error syscall unlink
64 error Error: EACCES: permission denied, unlink '/usr/local/lib/node_modules/nodemon/.jshintrc'
64 error     at Error (native)
64 error  { [Error: EACCES: permission denied, unlink '/usr/local/lib/node_modules/nodemon/.jshintrc']
64 error   errno: -13,
64 error   code: 'EACCES',
64 error   syscall: 'unlink',
64 error   path: '/usr/local/lib/node_modules/nodemon/.jshintrc' }
65 error Please try running this command again as root/Administrator.
66 verbose exit [ -13, true ]
67 verbose unbuild lib/node_modules/nodemon
68 info preuninstall nodemon@1.3.7
69 info uninstall nodemon@1.3.7
70 verbose unbuild rmStuff nodemon@1.3.7 from /usr/local/lib/node_modules
71 silly gentlyRm /usr/local/bin/nodemon is being gently removed
72 silly gentlyRm verifying /usr/local is an npm working directory
73 silly gentlyRm containing path /usr/local is under npm's control, in /usr/local
74 silly gentlyRm deletion target /usr/local/bin/nodemon is under /usr/local
75 verbose gentlyRm vacuuming from /usr/local/bin/nodemon up to /usr/local
76 info postuninstall nodemon@1.3.7
77 silly gentlyRm /usr/local/lib/node_modules/nodemon is being purged from base /usr/local
78 verbose gentlyRm don't care about contents; nuking /usr/local/lib/node_modules/nodemon
79 silly vacuum-fs purging /usr/local/lib/node_modules/nodemon
80 error error rolling back Error: EACCES: permission denied, unlink '/usr/local/lib/node_modules/nodemon/.jshintrc'
80 error error rolling back     at Error (native)
80 error error rolling back  { [Error: EACCES: permission denied, unlink '/usr/local/lib/node_modules/nodemon/.jshintrc']
80 error error rolling back   errno: -13,
80 error error rolling back   code: 'EACCES',
80 error error rolling back   syscall: 'unlink',
80 error error rolling back   path: '/usr/local/lib/node_modules/nodemon/.jshintrc' }
